Determining if the pthread_create exist failed with the following output:
Change Dir: /home/seanb/cosmosis/modules/cppt_sample/cppt_sample/Quartic_Inflation/build/CMakeFiles/CMakeTmp

Run Build Command:"/usr/bin/make" "cmTC_30bba/fast"
/usr/bin/make -f CMakeFiles/cmTC_30bba.dir/build.make CMakeFiles/cmTC_30bba.dir/build
make[1]: Entering directory '/home/seanb/cosmosis/modules/cppt_sample/cppt_sample/Quartic_Inflation/build/CMakeFiles/CMakeTmp'
Building C object CMakeFiles/cmTC_30bba.dir/CheckSymbolExists.c.o
/usr/bin/cc    -o CMakeFiles/cmTC_30bba.dir/CheckSymbolExists.c.o   -c /home/seanb/cosmosis/modules/cppt_sample/cppt_sample/Quartic_Inflation/build/CMakeFiles/CMakeTmp/CheckSymbolExists.c
Linking C executable cmTC_30bba
/usr/bin/cmake -E cmake_link_script CMakeFiles/cmTC_30bba.dir/link.txt --verbose=1
/usr/bin/cc      -rdynamic CMakeFiles/cmTC_30bba.dir/CheckSymbolExists.c.o  -o cmTC_30bba 
CMakeFiles/cmTC_30bba.dir/CheckSymbolExists.c.o: In function `main':
CheckSymbolExists.c:(.text+0x1b): undefined reference to `pthread_create'
collect2: error: ld returned 1 exit status
CMakeFiles/cmTC_30bba.dir/build.make:97: recipe for target 'cmTC_30bba' failed
make[1]: *** [cmTC_30bba] Error 1
make[1]: Leaving directory '/home/seanb/cosmosis/modules/cppt_sample/cppt_sample/Quartic_Inflation/build/CMakeFiles/CMakeTmp'
Makefile:126: recipe for target 'cmTC_30bba/fast' failed
make: *** [cmTC_30bba/fast] Error 2

File /home/seanb/cosmosis/modules/cppt_sample/cppt_sample/Quartic_Inflation/build/CMakeFiles/CMakeTmp/CheckSymbolExists.c:
/* */
#include <pthread.h>

int main(int argc, char** argv)
{
  (void)argv;
#ifndef pthread_create
  return ((int*)(&pthread_create))[argc];
#else
  (void)argc;
  return 0;
#endif
}

Determining if the function pthread_create exists in the pthreads failed with the following output:
Change Dir: /home/seanb/cosmosis/modules/cppt_sample/cppt_sample/Quartic_Inflation/build/CMakeFiles/CMakeTmp

Run Build Command:"/usr/bin/make" "cmTC_01af1/fast"
/usr/bin/make -f CMakeFiles/cmTC_01af1.dir/build.make CMakeFiles/cmTC_01af1.dir/build
make[1]: Entering directory '/home/seanb/cosmosis/modules/cppt_sample/cppt_sample/Quartic_Inflation/build/CMakeFiles/CMakeTmp'
Building C object CMakeFiles/cmTC_01af1.dir/CheckFunctionExists.c.o
/usr/bin/cc   -DCHECK_FUNCTION_EXISTS=pthread_create   -o CMakeFiles/cmTC_01af1.dir/CheckFunctionExists.c.o   -c /usr/share/cmake-3.10/Modules/CheckFunctionExists.c
Linking C executable cmTC_01af1
/usr/bin/cmake -E cmake_link_script CMakeFiles/cmTC_01af1.dir/link.txt --verbose=1
/usr/bin/cc  -DCHECK_FUNCTION_EXISTS=pthread_create    -rdynamic CMakeFiles/cmTC_01af1.dir/CheckFunctionExists.c.o  -o cmTC_01af1 -lpthreads 
/usr/bin/ld: cannot find -lpthreads
collect2: error: ld returned 1 exit status
CMakeFiles/cmTC_01af1.dir/build.make:97: recipe for target 'cmTC_01af1' failed
make[1]: *** [cmTC_01af1] Error 1
make[1]: Leaving directory '/home/seanb/cosmosis/modules/cppt_sample/cppt_sample/Quartic_Inflation/build/CMakeFiles/CMakeTmp'
Makefile:126: recipe for target 'cmTC_01af1/fast' failed
make: *** [cmTC_01af1/fast] Error 2


